{"/Users/torimototaishi/programming/sample-vite-ts/src/App.tsx": {"path":"/Users/torimototaishi/programming/sample-vite-ts/src/App.tsx","statementMap":{"0":{"start":{"line":2,"column":0},"end":{"line":2,"column":46}},"1":{"start":{"line":5,"column":0},"end":{"line":5,"column":34}},"2":{"start":{"line":9,"column":0},"end":{"line":9,"column":45}},"3":{"start":{"line":10,"column":0},"end":{"line":10,"column":51}},"4":{"start":{"line":12,"column":0},"end":{"line":12,"column":71}},"5":{"start":{"line":13,"column":0},"end":{"line":13,"column":63}},"6":{"start":{"line":17,"column":0},"end":{"line":17,"column":37}},"7":{"start":{"line":19,"column":0},"end":{"line":19,"column":68}},"8":{"start":{"line":21,"column":0},"end":{"line":21,"column":40}},"9":{"start":{"line":24,"column":26},"end":{"line":24,"column":48}},"10":{"start":{"line":25,"column":36},"end":{"line":25,"column":47}},"11":{"start":{"line":26,"column":36},"end":{"line":26,"column":50}},"12":{"start":{"line":27,"column":20},"end":{"line":35,"column":3}},"13":{"start":{"line":28,"column":31},"end":{"line":33,"column":5}},"14":{"start":{"line":30,"column":25},"end":{"line":30,"column":46}},"15":{"start":{"line":31,"column":6},"end":{"line":31,"column":26}},"16":{"start":{"line":32,"column":6},"end":{"line":32,"column":26}},"17":{"start":{"line":34,"column":4},"end":{"line":34,"column":25}},"18":{"start":{"line":37,"column":2},"end":{"line":48,"column":9}},"19":{"start":{"line":38,"column":4},"end":{"line":38,"column":16}},"20":{"start":{"line":50,"column":2},"end":{"line":58,"column":13}},"21":{"start":{"line":51,"column":4},"end":{"line":57,"column":5}},"22":{"start":{"line":52,"column":34},"end":{"line":54,"column":null}},"23":{"start":{"line":53,"column":25},"end":{"line":53,"column":42}},"24":{"start":{"line":56,"column":6},"end":{"line":56,"column":40}},"25":{"start":{"line":60,"column":23},"end":{"line":74,"column":3}},"26":{"start":{"line":61,"column":4},"end":{"line":73,"column":5}},"27":{"start":{"line":65,"column":6},"end":{"line":65,"column":29}},"28":{"start":{"line":66,"column":6},"end":{"line":66,"column":18}},"29":{"start":{"line":68,"column":6},"end":{"line":72,"column":7}},"30":{"start":{"line":69,"column":8},"end":{"line":69,"column":29}},"31":{"start":{"line":71,"column":8},"end":{"line":71,"column":43}},"32":{"start":{"line":76,"column":2},"end":{"line":195,"column":4}},"33":{"start":{"line":130,"column":24},"end":{"line":130,"column":null}},"34":{"start":{"line":158,"column":47},"end":{"line":158,"column":68}},"35":{"start":{"line":198,"column":0},"end":{"line":198,"column":19}}},"fnMap":{"0":{"name":"App","decl":{"start":{"line":23,"column":9},"end":{"line":23,"column":12}},"loc":{"start":{"line":23,"column":12},"end":{"line":196,"column":1}}},"1":{"name":"(anonymous_1)","decl":{"start":{"line":27,"column":20},"end":{"line":27,"column":25}},"loc":{"start":{"line":27,"column":31},"end":{"line":35,"column":3}}},"2":{"name":"(anonymous_2)","decl":{"start":{"line":28,"column":31},"end":{"line":28,"column":36}},"loc":{"start":{"line":28,"column":42},"end":{"line":33,"column":5}}},"3":{"name":"(anonymous_3)","decl":{"start":{"line":37,"column":12},"end":{"line":37,"column":15}},"loc":{"start":{"line":37,"column":17},"end":{"line":48,"column":3}}},"4":{"name":"(anonymous_4)","decl":{"start":{"line":50,"column":12},"end":{"line":50,"column":15}},"loc":{"start":{"line":50,"column":17},"end":{"line":58,"column":3}}},"5":{"name":"(anonymous_5)","decl":{"start":{"line":53,"column":8},"end":{"line":53,"column":9}},"loc":{"start":{"line":53,"column":25},"end":{"line":53,"column":42}}},"6":{"name":"(anonymous_6)","decl":{"start":{"line":60,"column":23},"end":{"line":60,"column":28}},"loc":{"start":{"line":60,"column":44},"end":{"line":74,"column":3}}},"7":{"name":"(anonymous_7)","decl":{"start":{"line":129,"column":32},"end":{"line":129,"column":33}},"loc":{"start":{"line":130,"column":24},"end":{"line":130,"column":null}}},"8":{"name":"(anonymous_8)","decl":{"start":{"line":158,"column":41},"end":{"line":158,"column":44}},"loc":{"start":{"line":158,"column":47},"end":{"line":158,"column":68}}}},"branchMap":{"0":{"loc":{"start":{"line":51,"column":4},"end":{"line":57,"column":5}},"type":"if","locations":[{"start":{"line":51,"column":4},"end":{"line":57,"column":5}}]},"1":{"loc":{"start":{"line":68,"column":6},"end":{"line":72,"column":7}},"type":"if","locations":[{"start":{"line":68,"column":6},"end":{"line":72,"column":7}},{"start":{"line":70,"column":13},"end":{"line":72,"column":7}}]},"2":{"loc":{"start":{"line":81,"column":13},"end":{"line":189,"column":null}},"type":"cond-expr","locations":[{"start":{"line":82,"column":14},"end":{"line":88,"column":null}},{"start":{"line":90,"column":16},"end":{"line":189,"column":null}}]},"3":{"loc":{"start":{"line":90,"column":16},"end":{"line":189,"column":null}},"type":"cond-expr","locations":[{"start":{"line":91,"column":14},"end":{"line":171,"column":null}},{"start":{"line":174,"column":14},"end":{"line":188,"column":null}}]},"4":{"loc":{"start":{"line":90,"column":16},"end":{"line":90,"column":39}},"type":"binary-expr","locations":[{"start":{"line":90,"column":16},"end":{"line":90,"column":20}},{"start":{"line":90,"column":24},"end":{"line":90,"column":39}}]}},"s":{"0":2,"1":2,"2":2,"3":2,"4":2,"5":2,"6":2,"7":2,"8":2,"9":32,"10":32,"11":32,"12":32,"13":14,"14":14,"15":13,"16":13,"17":14,"18":32,"19":11,"20":32,"21":23,"22":23,"23":176,"24":23,"25":32,"26":1,"27":1,"28":1,"29":0,"30":0,"31":0,"32":32,"33":303,"34":1,"35":2},"f":{"0":32,"1":14,"2":14,"3":11,"4":23,"5":176,"6":1,"7":303,"8":1},"b":{"0":[23],"1":[0,0],"2":[11,21],"3":[21,0],"4":[21,21]}}
,"/Users/torimototaishi/programming/sample-vite-ts/src/components/ui/RegistrationDialog.tsx": {"path":"/Users/torimototaishi/programming/sample-vite-ts/src/components/ui/RegistrationDialog.tsx","statementMap":{"0":{"start":{"line":2,"column":0},"end":{"line":2,"column":52}},"1":{"start":{"line":4,"column":0},"end":{"line":4,"column":null}},"2":{"start":{"line":16,"column":0},"end":{"line":16,"column":null}},"3":{"start":{"line":26,"column":0},"end":{"line":26,"column":57}},"4":{"start":{"line":28,"column":0},"end":{"line":28,"column":41}},"5":{"start":{"line":29,"column":0},"end":{"line":29,"column":40}},"6":{"start":{"line":30,"column":0},"end":{"line":30,"column":37}},"7":{"start":{"line":31,"column":0},"end":{"line":31,"column":45}},"8":{"start":{"line":43,"column":62},"end":{"line":462,"column":1}},"9":{"start":{"line":63,"column":6},"end":{"line":63,"column":27}},"10":{"start":{"line":65,"column":2},"end":{"line":71,"column":23}},"11":{"start":{"line":66,"column":4},"end":{"line":70,"column":5}},"12":{"start":{"line":67,"column":6},"end":{"line":67,"column":35}},"13":{"start":{"line":68,"column":6},"end":{"line":68,"column":43}},"14":{"start":{"line":69,"column":6},"end":{"line":69,"column":39}},"15":{"start":{"line":73,"column":18},"end":{"line":84,"column":3}},"16":{"start":{"line":74,"column":22},"end":{"line":74,"column":49}},"17":{"start":{"line":76,"column":22},"end":{"line":79,"column":15}},"18":{"start":{"line":80,"column":4},"end":{"line":82,"column":5}},"19":{"start":{"line":81,"column":6},"end":{"line":81,"column":18}},"20":{"start":{"line":83,"column":4},"end":{"line":83,"column":16}},"21":{"start":{"line":86,"column":30},"end":{"line":91,"column":3}},"22":{"start":{"line":87,"column":4},"end":{"line":90,"column":7}},"23":{"start":{"line":93,"column":46},"end":{"line":105,"column":3}},"24":{"start":{"line":94,"column":25},"end":{"line":94,"column":42}},"25":{"start":{"line":95,"column":22},"end":{"line":95,"column":36}},"26":{"start":{"line":96,"column":4},"end":{"line":98,"column":5}},"27":{"start":{"line":97,"column":6},"end":{"line":97,"column":39}},"28":{"start":{"line":100,"column":4},"end":{"line":100,"column":43}},"29":{"start":{"line":101,"column":4},"end":{"line":104,"column":7}},"30":{"start":{"line":107,"column":23},"end":{"line":132,"column":3}},"31":{"start":{"line":109,"column":22},"end":{"line":113,"column":15}},"32":{"start":{"line":115,"column":4},"end":{"line":117,"column":5}},"33":{"start":{"line":116,"column":6},"end":{"line":116,"column":18}},"34":{"start":{"line":119,"column":23},"end":{"line":119,"column":44}},"35":{"start":{"line":120,"column":4},"end":{"line":120,"column":24}},"36":{"start":{"line":131,"column":4},"end":{"line":131,"column":16}},"37":{"start":{"line":134,"column":52},"end":{"line":150,"column":3}},"38":{"start":{"line":135,"column":20},"end":{"line":135,"column":32}},"39":{"start":{"line":136,"column":25},"end":{"line":136,"column":42}},"40":{"start":{"line":137,"column":22},"end":{"line":137,"column":36}},"41":{"start":{"line":139,"column":4},"end":{"line":141,"column":5}},"42":{"start":{"line":140,"column":6},"end":{"line":140,"column":13}},"43":{"start":{"line":144,"column":4},"end":{"line":144,"column":57}},"44":{"start":{"line":146,"column":4},"end":{"line":149,"column":7}},"45":{"start":{"line":153,"column":23},"end":{"line":153,"column":48}},"46":{"start":{"line":154,"column":20},"end":{"line":154,"column":44}},"47":{"start":{"line":156,"column":2},"end":{"line":461,"column":3}},"48":{"start":{"line":157,"column":4},"end":{"line":308,"column":6}},"49":{"start":{"line":309,"column":9},"end":{"line":461,"column":3}},"50":{"start":{"line":310,"column":4},"end":{"line":460,"column":6}},"51":{"start":{"line":464,"column":0},"end":{"line":464,"column":34}}},"fnMap":{"0":{"name":"(anonymous_0)","decl":{"start":{"line":43,"column":62},"end":{"line":43,"column":63}},"loc":{"start":{"line":49,"column":5},"end":{"line":462,"column":1}}},"1":{"name":"(anonymous_1)","decl":{"start":{"line":65,"column":12},"end":{"line":65,"column":15}},"loc":{"start":{"line":65,"column":17},"end":{"line":71,"column":3}}},"2":{"name":"(anonymous_2)","decl":{"start":{"line":73,"column":18},"end":{"line":73,"column":23}},"loc":{"start":{"line":73,"column":56},"end":{"line":84,"column":3}}},"3":{"name":"(anonymous_3)","decl":{"start":{"line":86,"column":30},"end":{"line":86,"column":33}},"loc":{"start":{"line":86,"column":35},"end":{"line":91,"column":3}}},"4":{"name":"(anonymous_4)","decl":{"start":{"line":93,"column":46},"end":{"line":93,"column":51}},"loc":{"start":{"line":93,"column":61},"end":{"line":105,"column":3}}},"5":{"name":"(anonymous_5)","decl":{"start":{"line":107,"column":23},"end":{"line":107,"column":28}},"loc":{"start":{"line":107,"column":73},"end":{"line":132,"column":3}}},"6":{"name":"(anonymous_6)","decl":{"start":{"line":134,"column":52},"end":{"line":134,"column":57}},"loc":{"start":{"line":134,"column":67},"end":{"line":150,"column":3}}}},"branchMap":{"0":{"loc":{"start":{"line":66,"column":4},"end":{"line":70,"column":5}},"type":"if","locations":[{"start":{"line":66,"column":4},"end":{"line":70,"column":5}}]},"1":{"loc":{"start":{"line":80,"column":4},"end":{"line":82,"column":5}},"type":"if","locations":[{"start":{"line":80,"column":4},"end":{"line":82,"column":5}}]},"2":{"loc":{"start":{"line":96,"column":4},"end":{"line":98,"column":5}},"type":"if","locations":[{"start":{"line":96,"column":4},"end":{"line":98,"column":5}}]},"3":{"loc":{"start":{"line":96,"column":8},"end":{"line":96,"column":46}},"type":"binary-expr","locations":[{"start":{"line":96,"column":8},"end":{"line":96,"column":26}},{"start":{"line":96,"column":30},"end":{"line":96,"column":46}}]},"4":{"loc":{"start":{"line":97,"column":13},"end":{"line":97,"column":38}},"type":"binary-expr","locations":[{"start":{"line":97,"column":13},"end":{"line":97,"column":25}},{"start":{"line":97,"column":29},"end":{"line":97,"column":38}}]},"5":{"loc":{"start":{"line":115,"column":4},"end":{"line":117,"column":5}},"type":"if","locations":[{"start":{"line":115,"column":4},"end":{"line":117,"column":5}}]},"6":{"loc":{"start":{"line":139,"column":4},"end":{"line":141,"column":5}},"type":"if","locations":[{"start":{"line":139,"column":4},"end":{"line":141,"column":5}}]},"7":{"loc":{"start":{"line":139,"column":8},"end":{"line":139,"column":46}},"type":"binary-expr","locations":[{"start":{"line":139,"column":8},"end":{"line":139,"column":26}},{"start":{"line":139,"column":30},"end":{"line":139,"column":46}}]},"8":{"loc":{"start":{"line":156,"column":2},"end":{"line":461,"column":3}},"type":"if","locations":[{"start":{"line":156,"column":2},"end":{"line":461,"column":3}},{"start":{"line":309,"column":9},"end":{"line":461,"column":3}}]},"9":{"loc":{"start":{"line":202,"column":23},"end":{"line":205,"column":null}},"type":"binary-expr","locations":[{"start":{"line":202,"column":23},"end":{"line":202,"column":45}},{"start":{"line":203,"column":24},"end":{"line":204,"column":null}}]},"10":{"loc":{"start":{"line":225,"column":23},"end":{"line":228,"column":null}},"type":"binary-expr","locations":[{"start":{"line":225,"column":23},"end":{"line":225,"column":42}},{"start":{"line":226,"column":24},"end":{"line":227,"column":null}}]},"11":{"loc":{"start":{"line":233,"column":23},"end":{"line":276,"column":null}},"type":"cond-expr","locations":[{"start":{"line":234,"column":24},"end":{"line":254,"column":null}},{"start":{"line":257,"column":24},"end":{"line":273,"column":null}}]},"12":{"loc":{"start":{"line":233,"column":23},"end":{"line":233,"column":66}},"type":"binary-expr","locations":[{"start":{"line":233,"column":23},"end":{"line":233,"column":35}},{"start":{"line":233,"column":39},"end":{"line":233,"column":48}},{"start":{"line":233,"column":52},"end":{"line":233,"column":66}}]},"13":{"loc":{"start":{"line":309,"column":9},"end":{"line":461,"column":3}},"type":"if","locations":[{"start":{"line":309,"column":9},"end":{"line":461,"column":3}}]},"14":{"loc":{"start":{"line":355,"column":23},"end":{"line":358,"column":null}},"type":"binary-expr","locations":[{"start":{"line":355,"column":23},"end":{"line":355,"column":45}},{"start":{"line":356,"column":24},"end":{"line":357,"column":null}}]},"15":{"loc":{"start":{"line":377,"column":23},"end":{"line":380,"column":null}},"type":"binary-expr","locations":[{"start":{"line":377,"column":23},"end":{"line":377,"column":42}},{"start":{"line":378,"column":24},"end":{"line":379,"column":null}}]},"16":{"loc":{"start":{"line":385,"column":23},"end":{"line":428,"column":null}},"type":"cond-expr","locations":[{"start":{"line":386,"column":24},"end":{"line":406,"column":null}},{"start":{"line":409,"column":24},"end":{"line":425,"column":null}}]},"17":{"loc":{"start":{"line":385,"column":23},"end":{"line":385,"column":66}},"type":"binary-expr","locations":[{"start":{"line":385,"column":23},"end":{"line":385,"column":35}},{"start":{"line":385,"column":39},"end":{"line":385,"column":48}},{"start":{"line":385,"column":52},"end":{"line":385,"column":66}}]}},"s":{"0":2,"1":2,"2":2,"3":2,"4":2,"5":2,"6":2,"7":2,"8":2,"9":344,"10":344,"11":186,"12":176,"13":176,"14":176,"15":344,"16":1,"17":1,"18":1,"19":0,"20":1,"21":344,"22":0,"23":344,"24":1,"25":1,"26":1,"27":0,"28":1,"29":1,"30":344,"31":1,"32":1,"33":0,"34":1,"35":1,"36":1,"37":344,"38":1,"39":1,"40":1,"41":1,"42":0,"43":1,"44":1,"45":344,"46":344,"47":344,"48":30,"49":314,"50":314,"51":2},"f":{"0":344,"1":186,"2":1,"3":0,"4":1,"5":1,"6":1},"b":{"0":[176],"1":[0],"2":[0],"3":[1,1],"4":[0,0],"5":[0],"6":[0],"7":[1,1],"8":[30,314],"9":[30,2],"10":[30,2],"11":[2,28],"12":[30,6,2],"13":[314],"14":[314,0],"15":[314,0],"16":[138,176],"17":[314,139,138]}}
,"/Users/torimototaishi/programming/sample-vite-ts/src/components/ui/close-button.tsx": {"path":"/Users/torimototaishi/programming/sample-vite-ts/src/components/ui/close-button.tsx","statementMap":{"0":{"start":{"line":2,"column":0},"end":{"line":2,"column":65}},"1":{"start":{"line":3,"column":0},"end":{"line":3,"column":30}},"2":{"start":{"line":4,"column":0},"end":{"line":4,"column":36}},"3":{"start":{"line":8,"column":13},"end":{"line":17,"column":null}},"4":{"start":{"line":12,"column":2},"end":{"line":16,"column":null}}},"fnMap":{"0":{"name":"CloseButton","decl":{"start":{"line":11,"column":11},"end":{"line":11,"column":22}},"loc":{"start":{"line":11,"column":33},"end":{"line":17,"column":1}}}},"branchMap":{"0":{"loc":{"start":{"line":14,"column":7},"end":{"line":14,"column":32}},"type":"binary-expr","locations":[{"start":{"line":14,"column":7},"end":{"line":14,"column":21}},{"start":{"line":14,"column":25},"end":{"line":14,"column":32}}]}},"s":{"0":2,"1":2,"2":2,"3":2,"4":36},"f":{"0":36},"b":{"0":[36,36]}}
,"/Users/torimototaishi/programming/sample-vite-ts/src/components/ui/dialog.tsx": {"path":"/Users/torimototaishi/programming/sample-vite-ts/src/components/ui/dialog.tsx","statementMap":{"0":{"start":{"line":1,"column":0},"end":{"line":1,"column":65}},"1":{"start":{"line":2,"column":0},"end":{"line":2,"column":44}},"2":{"start":{"line":3,"column":0},"end":{"line":3,"column":30}},"3":{"start":{"line":11,"column":13},"end":{"line":33,"column":null}},"4":{"start":{"line":21,"column":6},"end":{"line":21,"column":11}},"5":{"start":{"line":23,"column":2},"end":{"line":32,"column":null}},"6":{"start":{"line":35,"column":13},"end":{"line":52,"column":null}},"7":{"start":{"line":39,"column":2},"end":{"line":51,"column":null}},"8":{"start":{"line":54,"column":13},"end":{"line":54,"column":null}},"9":{"start":{"line":55,"column":13},"end":{"line":55,"column":null}},"10":{"start":{"line":56,"column":13},"end":{"line":56,"column":null}},"11":{"start":{"line":57,"column":13},"end":{"line":57,"column":null}},"12":{"start":{"line":58,"column":13},"end":{"line":58,"column":null}},"13":{"start":{"line":59,"column":13},"end":{"line":59,"column":null}},"14":{"start":{"line":60,"column":13},"end":{"line":60,"column":null}},"15":{"start":{"line":61,"column":13},"end":{"line":61,"column":null}},"16":{"start":{"line":62,"column":13},"end":{"line":62,"column":null}}},"fnMap":{"0":{"name":"DialogContent","decl":{"start":{"line":14,"column":11},"end":{"line":14,"column":24}},"loc":{"start":{"line":14,"column":35},"end":{"line":33,"column":1}}},"1":{"name":"DialogCloseTrigger","decl":{"start":{"line":38,"column":11},"end":{"line":38,"column":29}},"loc":{"start":{"line":38,"column":40},"end":{"line":52,"column":1}}}},"branchMap":{"0":{"loc":{"start":{"line":17,"column":4},"end":{"line":17,"column":20}},"type":"default-arg","locations":[{"start":{"line":17,"column":16},"end":{"line":17,"column":20}}]},"1":{"loc":{"start":{"line":19,"column":4},"end":{"line":19,"column":19}},"type":"default-arg","locations":[{"start":{"line":19,"column":15},"end":{"line":19,"column":19}}]},"2":{"loc":{"start":{"line":25,"column":7},"end":{"line":25,"column":44}},"type":"binary-expr","locations":[{"start":{"line":25,"column":7},"end":{"line":25,"column":15}},{"start":{"line":25,"column":19},"end":{"line":25,"column":44}}]}},"s":{"0":2,"1":2,"2":2,"3":2,"4":344,"5":344,"6":2,"7":28,"8":2,"9":2,"10":2,"11":2,"12":2,"13":2,"14":2,"15":2,"16":2},"f":{"0":344,"1":28},"b":{"0":[344],"1":[344],"2":[344,344]}}
,"/Users/torimototaishi/programming/sample-vite-ts/src/domain/record.ts": {"path":"/Users/torimototaishi/programming/sample-vite-ts/src/domain/record.ts","statementMap":{"0":{"start":{"line":3,"column":23},"end":{"line":3,"column":33}},"1":{"start":{"line":4,"column":23},"end":{"line":4,"column":36}},"2":{"start":{"line":5,"column":23},"end":{"line":5,"column":35}},"3":{"start":{"line":14,"column":16},"end":{"line":14,"column":51}},"4":{"start":{"line":1,"column":0},"end":{"line":1,"column":13}}},"fnMap":{"0":{"name":"(anonymous_0)","decl":{"start":{"line":2,"column":8},"end":{"line":2,"column":null}},"loc":{"start":{"line":5,"column":35},"end":{"line":6,"column":13}}},"1":{"name":"(anonymous_1)","decl":{"start":{"line":9,"column":15},"end":{"line":9,"column":21}},"loc":{"start":{"line":12,"column":28},"end":{"line":15,"column":9}}}},"branchMap":{},"s":{"0":227,"1":227,"2":227,"3":212,"4":2},"f":{"0":227,"1":212},"b":{}}
,"/Users/torimototaishi/programming/sample-vite-ts/src/lib/record.ts": {"path":"/Users/torimototaishi/programming/sample-vite-ts/src/lib/record.ts","statementMap":{"0":{"start":{"line":7,"column":0},"end":{"line":7,"column":7}},"1":{"start":{"line":1,"column":0},"end":{"line":1,"column":42}},"2":{"start":{"line":2,"column":0},"end":{"line":2,"column":41}},"3":{"start":{"line":8,"column":25},"end":{"line":9,"column":49}},"4":{"start":{"line":10,"column":8},"end":{"line":12,"column":9}},"5":{"start":{"line":11,"column":16},"end":{"line":11,"column":56}},"6":{"start":{"line":15,"column":21},"end":{"line":17,"column":10}},"7":{"start":{"line":16,"column":16},"end":{"line":16,"column":72}},"8":{"start":{"line":19,"column":8},"end":{"line":19,"column":20}}},"fnMap":{"0":{"name":"GetAllRecords","decl":{"start":{"line":7,"column":22},"end":{"line":7,"column":35}},"loc":{"start":{"line":7,"column":35},"end":{"line":20,"column":1}}},"1":{"name":"(anonymous_1)","decl":{"start":{"line":15,"column":39},"end":{"line":15,"column":40}},"loc":{"start":{"line":15,"column":48},"end":{"line":17,"column":9}}}},"branchMap":{"0":{"loc":{"start":{"line":10,"column":8},"end":{"line":12,"column":9}},"type":"if","locations":[{"start":{"line":10,"column":8},"end":{"line":12,"column":9}}]}},"s":{"0":2,"1":2,"2":2,"3":10,"4":9,"5":0,"6":9,"7":212,"8":9},"f":{"0":10,"1":212},"b":{"0":[0]}}
,"/Users/torimototaishi/programming/sample-vite-ts/src/lib/record_delete.ts": {"path":"/Users/torimototaishi/programming/sample-vite-ts/src/lib/record_delete.ts","statementMap":{"0":{"start":{"line":7,"column":0},"end":{"line":7,"column":7}},"1":{"start":{"line":2,"column":0},"end":{"line":2,"column":41}},"2":{"start":{"line":8,"column":2},"end":{"line":8,"column":60}}},"fnMap":{"0":{"name":"RecordDelete","decl":{"start":{"line":7,"column":22},"end":{"line":7,"column":34}},"loc":{"start":{"line":7,"column":45},"end":{"line":9,"column":1}}}},"branchMap":{},"s":{"0":2,"1":2,"2":0},"f":{"0":0},"b":{}}
,"/Users/torimototaishi/programming/sample-vite-ts/src/utils/supabase.ts": {"path":"/Users/torimototaishi/programming/sample-vite-ts/src/utils/supabase.ts","statementMap":{"0":{"start":{"line":2,"column":0},"end":{"line":2,"column":53}},"1":{"start":{"line":7,"column":20},"end":{"line":7,"column":59}},"2":{"start":{"line":8,"column":20},"end":{"line":8,"column":64}},"3":{"start":{"line":10,"column":17},"end":{"line":10,"column":55}},"4":{"start":{"line":12,"column":0},"end":{"line":12,"column":24}}},"fnMap":{},"branchMap":{},"s":{"0":2,"1":2,"2":2,"3":2,"4":2},"f":{},"b":{}}
}
