TN:
SF:src/App.tsx
FN:23,App
FN:27,(anonymous_1)
FN:28,(anonymous_2)
FN:37,(anonymous_3)
FN:50,(anonymous_4)
FN:53,(anonymous_5)
FN:60,(anonymous_6)
FN:129,(anonymous_7)
FN:158,(anonymous_8)
FNF:9
FNH:9
FNDA:32,App
FNDA:14,(anonymous_1)
FNDA:14,(anonymous_2)
FNDA:11,(anonymous_3)
FNDA:23,(anonymous_4)
FNDA:176,(anonymous_5)
FNDA:1,(anonymous_6)
FNDA:303,(anonymous_7)
FNDA:1,(anonymous_8)
DA:2,2
DA:5,2
DA:9,2
DA:10,2
DA:12,2
DA:13,2
DA:17,2
DA:19,2
DA:21,2
DA:24,32
DA:25,32
DA:26,32
DA:27,32
DA:28,14
DA:30,14
DA:31,13
DA:32,13
DA:34,14
DA:37,32
DA:38,11
DA:50,32
DA:51,23
DA:52,23
DA:53,176
DA:56,23
DA:60,32
DA:61,1
DA:65,1
DA:66,1
DA:68,0
DA:69,0
DA:71,0
DA:76,32
DA:130,303
DA:158,1
DA:198,2
LF:36
LH:33
BRDA:51,0,0,23
BRDA:68,1,0,0
BRDA:68,1,1,0
BRDA:81,2,0,11
BRDA:81,2,1,21
BRDA:90,3,0,21
BRDA:90,3,1,0
BRDA:90,4,0,21
BRDA:90,4,1,21
BRF:9
BRH:6
end_of_record
TN:
SF:src/components/ui/RegistrationDialog.tsx
FN:43,(anonymous_0)
FN:65,(anonymous_1)
FN:73,(anonymous_2)
FN:86,(anonymous_3)
FN:93,(anonymous_4)
FN:107,(anonymous_5)
FN:134,(anonymous_6)
FNF:7
FNH:6
FNDA:344,(anonymous_0)
FNDA:186,(anonymous_1)
FNDA:1,(anonymous_2)
FNDA:0,(anonymous_3)
FNDA:1,(anonymous_4)
FNDA:1,(anonymous_5)
FNDA:1,(anonymous_6)
DA:2,2
DA:4,2
DA:16,2
DA:26,2
DA:28,2
DA:29,2
DA:30,2
DA:31,2
DA:43,2
DA:63,344
DA:65,344
DA:66,186
DA:67,176
DA:68,176
DA:69,176
DA:73,344
DA:74,1
DA:76,1
DA:80,1
DA:81,0
DA:83,1
DA:86,344
DA:87,0
DA:93,344
DA:94,1
DA:95,1
DA:96,1
DA:97,0
DA:100,1
DA:101,1
DA:107,344
DA:109,1
DA:115,1
DA:116,0
DA:119,1
DA:120,1
DA:131,1
DA:134,344
DA:135,1
DA:136,1
DA:137,1
DA:139,1
DA:140,0
DA:144,1
DA:146,1
DA:153,344
DA:154,344
DA:156,344
DA:157,30
DA:309,314
DA:310,314
DA:464,2
LF:52
LH:47
BRDA:66,0,0,176
BRDA:80,1,0,0
BRDA:96,2,0,0
BRDA:96,3,0,1
BRDA:96,3,1,1
BRDA:97,4,0,0
BRDA:97,4,1,0
BRDA:115,5,0,0
BRDA:139,6,0,0
BRDA:139,7,0,1
BRDA:139,7,1,1
BRDA:156,8,0,30
BRDA:156,8,1,314
BRDA:202,9,0,30
BRDA:202,9,1,2
BRDA:225,10,0,30
BRDA:225,10,1,2
BRDA:233,11,0,2
BRDA:233,11,1,28
BRDA:233,12,0,30
BRDA:233,12,1,6
BRDA:233,12,2,2
BRDA:309,13,0,314
BRDA:355,14,0,314
BRDA:355,14,1,0
BRDA:377,15,0,314
BRDA:377,15,1,0
BRDA:385,16,0,138
BRDA:385,16,1,176
BRDA:385,17,0,314
BRDA:385,17,1,139
BRDA:385,17,2,138
BRF:32
BRH:24
end_of_record
TN:
SF:src/components/ui/close-button.tsx
FN:11,CloseButton
FNF:1
FNH:1
FNDA:36,CloseButton
DA:2,2
DA:3,2
DA:4,2
DA:8,2
DA:12,36
LF:5
LH:5
BRDA:14,0,0,36
BRDA:14,0,1,36
BRF:2
BRH:2
end_of_record
TN:
SF:src/components/ui/dialog.tsx
FN:14,DialogContent
FN:38,DialogCloseTrigger
FNF:2
FNH:2
FNDA:344,DialogContent
FNDA:28,DialogCloseTrigger
DA:1,2
DA:2,2
DA:3,2
DA:11,2
DA:21,344
DA:23,344
DA:35,2
DA:39,28
DA:54,2
DA:55,2
DA:56,2
DA:57,2
DA:58,2
DA:59,2
DA:60,2
DA:61,2
DA:62,2
LF:17
LH:17
BRDA:17,0,0,344
BRDA:19,1,0,344
BRDA:25,2,0,344
BRDA:25,2,1,344
BRF:4
BRH:4
end_of_record
TN:
SF:src/domain/record.ts
FN:2,(anonymous_0)
FN:9,(anonymous_1)
FNF:2
FNH:2
FNDA:227,(anonymous_0)
FNDA:212,(anonymous_1)
DA:1,2
DA:3,227
DA:4,227
DA:5,227
DA:14,212
LF:5
LH:5
BRF:0
BRH:0
end_of_record
TN:
SF:src/lib/record.ts
FN:7,GetAllRecords
FN:15,(anonymous_1)
FNF:2
FNH:2
FNDA:10,GetAllRecords
FNDA:212,(anonymous_1)
DA:1,2
DA:2,2
DA:7,2
DA:8,10
DA:10,9
DA:11,0
DA:15,9
DA:16,212
DA:19,9
LF:9
LH:8
BRDA:10,0,0,0
BRF:1
BRH:0
end_of_record
TN:
SF:src/lib/record_delete.ts
FN:7,RecordDelete
FNF:1
FNH:0
FNDA:0,RecordDelete
DA:2,2
DA:7,2
DA:8,0
LF:3
LH:2
BRF:0
BRH:0
end_of_record
TN:
SF:src/utils/supabase.ts
FNF:0
FNH:0
DA:2,2
DA:7,2
DA:8,2
DA:10,2
DA:12,2
LF:5
LH:5
BRF:0
BRH:0
end_of_record
